<?xml version="1.0" encoding="UTF-8"?>
<!-- Generated by org.testng.reporters.JUnitReportReporter -->
<testsuite skipped="0" hostname="DESKTOP-MNHHF5Q" name="NewTest" tests="1" failures="0" timestamp="2020-05-24T13:14:36 IST" time="6.267" errors="0">
  <testcase name="testEasy" time="6.267" classname="NewTest"/>
  <system-out/>
</testsuite> <!-- NewTest -->
